[2021-03-01 01:45:36] [INFO]: 当前版本:v0.9.40-fix2 
[2021-03-01 01:45:36] [INFO]: 用户交流群: 721829413 
[2021-03-01 01:45:36] [INFO]: 将使用 device.json 内的设备信息运行Bot. 
[2021-03-01 01:45:36] [INFO]: 开始尝试登录并同步消息... 
[2021-03-01 01:45:36] [INFO]: 使用协议: iPad 
[2021-03-01 01:45:37] [INFO]: Protocol -> connect to server: 113.96.12.217:8080 
[2021-03-01 01:45:37] [INFO]: Protocol -> connect to server: 114.221.151.172:8080 
[2021-03-01 01:45:37] [INFO]: Protocol -> connect to server: 180.109.156.246:80 
[2021-03-01 01:45:37] [INFO]: Protocol -> connect to server: 42.81.170.40:80 
[2021-03-01 01:45:37] [INFO]: Protocol -> connect to server: 42.81.170.122:8080 
[2021-03-01 01:45:37] [INFO]: Protocol -> connect to server: 113.96.13.208:8080 
[2021-03-01 01:45:37] [INFO]: Protocol -> connect to server: 113.96.13.95:8080 
[2021-03-01 01:45:38] [INFO]: Protocol -> connect to server: 180.102.110.67:14000 
[2021-03-01 01:45:38] [INFO]: Protocol -> connect to server: 113.96.12.224:8080 
[2021-03-01 01:45:38] [INFO]: Protocol -> connect to server: 113.96.12.217:8080 
[2021-03-01 01:45:38] [INFO]: Protocol -> connect to server: 114.221.151.172:8080 
[2021-03-01 01:45:38] [ERROR]: Protocol -> panic on decoder wtlogin.login : EOF
goroutine 157 [running]:
runtime/debug.Stack(0xc0006458f0, 0x13768e0, 0xc000066050)
	/usr/local/go/src/runtime/debug/stack.go:24 +0xa5
github.com/Mrs4s/MiraiGo/client.(*QQClient).netLoop.func2.1(0xc0003d7c00, 0xc0000740f0)
	/go/pkg/mod/github.com/!mrs4s/!mirai!go@v0.0.0-20210220103625-420583e1c56a/client/client.go:921 +0x78
panic(0x13768e0, 0xc000066050)
	/usr/local/go/src/runtime/panic.go:965 +0x1c7
github.com/Mrs4s/MiraiGo/binary.(*Reader).ReadBytes(...)
	/go/pkg/mod/github.com/!mrs4s/!mirai!go@v0.0.0-20210220103625-420583e1c56a/binary/reader.go:41
github.com/Mrs4s/MiraiGo/client.(*QQClient).decodeT119(0xc0003d7c00, 0x0, 0x0, 0x0)
	/go/pkg/mod/github.com/!mrs4s/!mirai!go@v0.0.0-20210220103625-420583e1c56a/client/tlv_decoders.go:25 +0x11d3
github.com/Mrs4s/MiraiGo/client.decodeLoginResponse(0xc0003d7c00, 0xc000483640, 0xc0000b6046, 0x2b, 0x32, 0x1, 0x0, 0x15fdd20, 0xc0000045d0)
	/go/pkg/mod/github.com/!mrs4s/!mirai!go@v0.0.0-20210220103625-420583e1c56a/client/decoders.go:57 +0x190c
github.com/Mrs4s/MiraiGo/client.(*QQClient).netLoop.func2(0xc0003d7c00, 0xc0000740f0, 0xc0000b6046, 0x2b, 0x32)
	/go/pkg/mod/github.com/!mrs4s/!mirai!go@v0.0.0-20210220103625-420583e1c56a/client/client.go:927 +0x10e
created by github.com/Mrs4s/MiraiGo/client.(*QQClient).netLoop
	/go/pkg/mod/github.com/!mrs4s/!mirai!go@v0.0.0-20210220103625-420583e1c56a/client/client.go:918 +0x538
 
[2021-03-01 01:45:55] [INFO]: 当前版本:v0.9.40-fix2 
[2021-03-01 01:45:55] [INFO]: 用户交流群: 721829413 
[2021-03-01 01:45:55] [INFO]: 将使用 device.json 内的设备信息运行Bot. 
[2021-03-01 01:45:55] [INFO]: 开始尝试登录并同步消息... 
[2021-03-01 01:45:55] [INFO]: 使用协议: iPad 
[2021-03-01 01:45:56] [INFO]: Protocol -> connect to server: 42.81.169.100:14000 
[2021-03-01 01:45:57] [INFO]: 登录成功 欢迎使用: 🐬 
[2021-03-01 01:45:57] [INFO]: 开始加载好友列表... 
[2021-03-01 01:45:57] [INFO]: 共加载 154 个好友. 
[2021-03-01 01:45:57] [INFO]: 开始加载群列表... 
[2021-03-01 01:45:59] [INFO]: 收到服务器地址更新通知, 根据配置文件已忽略. 
[2021-03-01 01:45:59] [INFO]: 共加载 27 个群. 
[2021-03-01 01:45:59] [WARNING]: 警告: 信息数据库已关闭，将无法使用 [回复/撤回] 等功能。 
[2021-03-01 01:45:59] [INFO]: 正在加载事件过滤器. 
[2021-03-01 01:45:59] [INFO]: 事件过滤器启动成功. 
[2021-03-01 01:45:59] [INFO]: 资源初始化完成, 开始处理信息. 
[2021-03-01 01:45:59] [INFO]: アトリは、高性能ですから! 
[2021-03-01 01:45:59] [INFO]: 正在检查更新. 
[2021-03-01 01:45:59] [INFO]: 开始尝试连接到反向WebSocket Universal服务器: ws://127.0.0.1:8080/cqhttp/ws 
[2021-03-01 01:46:03] [INFO]: 检查更新完成. 当前已运行最新版本. 
[2021-03-01 01:46:05] [INFO]: 收到好友 小周今天学习了吗？🐬(251364816) 的消息: 好 (21684) 
[2021-03-01 01:46:05] [INFO]: 收到好友 小周今天学习了吗？🐬(251364816) 的消息: 没结束 (21685) 
[2021-03-01 01:46:05] [INFO]: 收到好友 小周今天学习了吗？🐬(251364816) 的消息: 您是 (21686) 
[2021-03-01 01:46:05] [INFO]: 收到好友 小周今天学习了吗？🐬(251364816) 的消息: 自定义信息 (21687) 
[2021-03-01 01:46:05] [INFO]: 收到好友 小周今天学习了吗？🐬(251364816) 的消息: 吗 (21688) 
[2021-03-01 01:46:05] [INFO]: 收到好友 小周今天学习了吗？🐬(251364816) 的消息: 住 (21689) 
[2021-03-01 01:46:05] [INFO]: 收到好友 小周今天学习了吗？🐬(251364816) 的消息: 结束记录 (21691) 
[2021-03-01 01:46:05] [INFO]: 收到好友 小周今天学习了吗？🐬(251364816) 的消息: x' (21692) 
[2021-03-01 01:46:05] [INFO]: 收到好友 小周今天学习了吗？🐬(251364816) 的消息: 自助表白 (21693) 
[2021-03-01 01:46:05] [INFO]: 收到好友 小周今天学习了吗？🐬(251364816) 的消息: 结束表白 (21695) 
[2021-03-01 01:46:05] [INFO]: 收到好友 小周今天学习了吗？🐬(251364816) 的消息: 自定义记 (21697) 
[2021-03-01 01:46:05] [INFO]: 收到好友 小周今天学习了吗？🐬(251364816) 的消息: 自定义信息 (21698) 
[2021-03-01 01:46:05] [INFO]: 收到好友 小周今天学习了吗？🐬(251364816) 的消息: 吗 (21701) 
[2021-03-01 01:46:05] [INFO]: 收到好友 小周今天学习了吗？🐬(251364816) 的消息: m (21703) 
[2021-03-01 01:46:05] [INFO]: 收到好友 小周今天学习了吗？🐬(251364816) 的消息: 自定义信息 (21704) 
[2021-03-01 01:46:05] [INFO]: 收到好友 小周今天学习了吗？🐬(251364816) 的消息: 结束记录 (21705) 
[2021-03-01 01:46:05] [INFO]: 收到好友 小周今天学习了吗？🐬(251364816) 的消息: 您 (21706) 
[2021-03-01 01:46:05] [INFO]: 收到好友 小周今天学习了吗？🐬(251364816) 的消息: m (21707) 
[2021-03-01 01:46:05] [INFO]: 收到好友 小周今天学习了吗？🐬(251364816) 的消息: m (21709) 
[2021-03-01 01:46:05] [INFO]: 收到好友 小周今天学习了吗？🐬(251364816) 的消息: 自定义信息 (21710) 
[2021-03-01 01:46:05] [INFO]: 收到好友 小周今天学习了吗？🐬(251364816) 的消息: 老婆乖 (21711) 
[2021-03-01 01:46:05] [INFO]: 收到好友 小周今天学习了吗？🐬(251364816) 的消息: 结束记录 (21712) 
[2021-03-01 01:46:05] [INFO]: 发送好友 251364816(251364816)  的消息: [{"type":  ... (-579631015) 
[2021-03-01 01:46:05] [INFO]: 发送好友 251364816(251364816)  的消息: [{"type":  ... (1125588474) 
[2021-03-01 01:46:05] [INFO]: 发送好友 251364816(251364816)  的消息: [{"type":  ... (-635548608) 
[2021-03-01 01:46:05] [INFO]: 发送好友 251364816(251364816)  的消息: [{"type":  ... (-1390838570) 
[2021-03-01 01:46:05] [INFO]: 发送好友 251364816(251364816)  的消息: [{"type":  ... (407943862) 
[2021-03-01 01:46:05] [INFO]: 发送好友 251364816(251364816)  的消息: [{"type":  ... (1868007968) 
[2021-03-01 01:46:05] [INFO]: 发送好友 251364816(251364816)  的消息: [{"type":  ... (-161555558) 
[2021-03-01 01:46:05] [INFO]: 发送好友 251364816(251364816)  的消息: [{"type":  ... (-2124813556) 
[2021-03-01 01:46:05] [INFO]: 发送好友 251364816(251364816)  的消息: [{"type":  ... (-248307837) 
[2021-03-01 01:46:05] [INFO]: 发送好友 251364816(251364816)  的消息: [{"type":  ... (-2043400427) 
[2021-03-01 01:46:05] [INFO]: 发送好友 251364816(251364816)  的消息: [{"type":  ... (21728247) 
[2021-03-01 01:46:05] [INFO]: 发送好友 251364816(251364816)  的消息: [{"type":  ... (1984740193) 
[2021-03-01 01:46:05] [INFO]: 发送好友 251364816(251364816)  的消息: [{"type":  ... (-280630565) 
[2021-03-01 01:46:05] [INFO]: 发送好友 251364816(251364816)  的消息: [{"type":  ... (-1740449203) 
[2021-03-01 01:46:05] [INFO]: 发送好友 251364816(251364816)  的消息: [{"type":  ... (103174126) 
[2021-03-01 01:46:05] [INFO]: 发送好友 251364816(251364816)  的消息: [{"type":  ... (1898020728) 
[2021-03-01 01:46:05] [INFO]: 发送好友 251364816(251364816)  的消息: [{"type":  ... (-400019774) 
[2021-03-01 01:46:05] [INFO]: 发送好友 251364816(251364816)  的消息: [{"type":  ... (-1624301996) 
[2021-03-01 01:46:05] [INFO]: 发送好友 251364816(251364816)  的消息: [{"type":  ... (261096389) 
[2021-03-01 01:46:05] [INFO]: 发送好友 251364816(251364816)  的消息: [{"type":  ... (2023174995) 
[2021-03-01 01:46:05] [INFO]: 发送好友 251364816(251364816)  的消息: [{"type":  ... (1309285680) 
[2021-03-01 01:46:05] [INFO]: 发送好友 251364816(251364816)  的消息: [{"type":  ... (957164966) 
[2021-03-01 01:46:05] [INFO]: 收到好友 小周今天学习了吗？🐬(251364816) 的消息: 自定义信息 (21713) 
[2021-03-01 01:46:05] [INFO]: 收到好友 小周今天学习了吗？🐬(251364816) 的消息: 吗 (21715) 
[2021-03-01 01:46:05] [INFO]: 收到好友 小周今天学习了吗？🐬(251364816) 的消息: 结束记录 (21716) 
[2021-03-01 01:46:05] [INFO]: 收到好友 小周今天学习了吗？🐬(251364816) 的消息: 自助表白 (21717) 
[2021-03-01 01:46:05] [INFO]: 收到好友 小周今天学习了吗？🐬(251364816) 的消息: 结束记录 (21718) 
[2021-03-01 01:46:05] [INFO]: 收到好友 小周今天学习了吗？🐬(251364816) 的消息: 了 (21719) 
[2021-03-01 01:46:05] [INFO]: 收到好友 小周今天学习了吗？🐬(251364816) 的消息: 结束记录 (21720) 
[2021-03-01 01:46:05] [INFO]: 收到好友 小周今天学习了吗？🐬(251364816) 的消息: 结束表白 (21721) 
[2021-03-01 01:46:05] [INFO]: 发送好友 251364816(251364816)  的消息: [{"type":  ... (-1610318820) 
[2021-03-01 01:46:05] [INFO]: 收到好友 小周今天学习了吗？🐬(251364816) 的消息: 行 (21725) 
[2021-03-01 01:46:05] [INFO]: 发送好友 251364816(251364816)  的消息: [{"type":  ... (1046538687) 
[2021-03-01 01:46:05] [INFO]: 发送好友 251364816(251364816)  的消息: [{"type":  ... (-1486243835) 
[2021-03-01 01:46:05] [INFO]: 发送好友 251364816(251364816)  的消息: [{"type":  ... (-798062445) 
[2021-03-01 01:46:05] [INFO]: 发送好友 251364816(251364816)  的消息: [{"type":  ... (1087476994) 
[2021-03-01 01:46:05] [INFO]: 发送好友 251364816(251364816)  的消息: [{"type":  ... (936813972) 
[2021-03-01 01:46:05] [INFO]: 发送好友 251364816(251364816)  的消息: [{"type":  ... (1460743281) 
[2021-03-01 01:46:05] [INFO]: 发送好友 251364816(251364816)  的消息: [{"type":  ... (538320103) 
[2021-03-01 01:46:05] [INFO]: 发送好友 251364816(251364816)  的消息: [{"type":  ... (-1189130915) 
[2021-03-01 01:46:09] [INFO]: 收到好友 小周今天学习了吗？🐬(251364816) 的消息: 行 (21727) 
[2021-03-01 01:46:13] [INFO]: 收到好友 小周今天学习了吗？🐬(251364816) 的消息: 结束记录 (21728) 
[2021-03-01 01:46:13] [INFO]: 发送好友 251364816(251364816)  的消息: [{"type":  ... (-837255733) 
[2021-03-01 01:46:16] [INFO]: 收到好友 小周今天学习了吗？🐬(251364816) 的消息: 行 (21729) 
[2021-03-01 01:46:19] [INFO]: 收到好友 小周今天学习了吗？🐬(251364816) 的消息: 结束 (21730) 
[2021-03-01 01:46:25] [INFO]: 收到好友 小周今天学习了吗？🐬(251364816) 的消息: 结束记录 (21731) 
[2021-03-01 01:46:29] [INFO]: 收到好友 小周今天学习了吗？🐬(251364816) 的消息: 结束表白 (21732) 
[2021-03-01 01:46:29] [INFO]: 发送好友 251364816(251364816)  的消息: [{"type":  ... (1350363240) 
[2021-03-01 01:46:33] [INFO]: 收到好友 小周今天学习了吗？🐬(251364816) 的消息: 结束祝福 (21733) 
[2021-03-01 01:46:33] [INFO]: 发送好友 251364816(251364816)  的消息: [{"type":  ... (662427902) 
[2021-03-01 01:46:41] [INFO]: 收到好友 小周今天学习了吗？🐬(251364816) 的消息: 自定义信息 (21734) 
[2021-03-01 01:46:41] [INFO]: 发送好友 251364816(251364816)  的消息: [{"type":  ... (-1099790012) 
[2021-03-01 01:46:45] [INFO]: 收到好友 小周今天学习了吗？🐬(251364816) 的消息: l' (21736) 
[2021-03-01 01:46:47] [INFO]: 收到好友 小周今天学习了吗？🐬(251364816) 的消息: 没去过 (21737) 
[2021-03-01 01:46:49] [INFO]: 收到好友 小周今天学习了吗？🐬(251364816) 的消息: 结束记录 (21738) 
[2021-03-01 01:46:49] [INFO]: 发送好友 251364816(251364816)  的消息: [{"type":  ... (785224917) 
[2021-03-01 01:46:53] [INFO]: 收到好友 小周今天学习了吗？🐬(251364816) 的消息: 您 (21739) 
[2021-03-01 01:46:53] [INFO]: 发送好友 251364816(251364816)  的消息: [{"type":  ... (2084339634) 
[2021-03-01 01:46:55] [INFO]: 收到好友 小周今天学习了吗？🐬(251364816) 的消息: 铁工 (21740) 
[2021-03-01 01:46:55] [INFO]: 发送好友 251364816(251364816)  的消息: [{"type":  ... (188436260) 
[2021-03-01 01:48:51] [WARNING]: 监听反向WS API时出现错误: read tcp 127.0.0.1:55941->127.0.0.1:8080: wsarecv: An existing connection was forcibly closed by the remote host. 
[2021-03-01 01:48:57] [INFO]: 当前版本:v0.9.40-fix2 
[2021-03-01 01:48:57] [INFO]: 用户交流群: 721829413 
[2021-03-01 01:48:57] [INFO]: 将使用 device.json 内的设备信息运行Bot. 
[2021-03-01 01:48:57] [INFO]: 开始尝试登录并同步消息... 
[2021-03-01 01:48:57] [INFO]: 使用协议: iPad 
[2021-03-01 01:48:58] [INFO]: Protocol -> connect to server: 113.96.13.87:8080 
[2021-03-01 01:48:58] [INFO]: 登录成功 欢迎使用: 🐬 
[2021-03-01 01:48:58] [INFO]: 开始加载好友列表... 
[2021-03-01 01:48:59] [INFO]: 共加载 154 个好友. 
[2021-03-01 01:48:59] [INFO]: 开始加载群列表... 
[2021-03-01 02:16:26] [INFO]: 当前版本:v0.9.40-fix2 
[2021-03-01 02:16:26] [INFO]: 用户交流群: 721829413 
[2021-03-01 02:16:26] [INFO]: 将使用 device.json 内的设备信息运行Bot. 
[2021-03-01 02:16:26] [INFO]: 开始尝试登录并同步消息... 
[2021-03-01 02:16:26] [INFO]: 使用协议: iPad 
[2021-03-01 02:16:26] [INFO]: Protocol -> connect to server: 113.96.12.217:8080 
[2021-03-01 02:16:27] [INFO]: 登录成功 欢迎使用: 🐬 
[2021-03-01 02:16:27] [INFO]: 开始加载好友列表... 
[2021-03-01 02:16:27] [INFO]: 共加载 154 个好友. 
[2021-03-01 02:16:27] [INFO]: 开始加载群列表... 
[2021-03-01 02:16:29] [INFO]: 共加载 27 个群. 
[2021-03-01 02:16:29] [WARNING]: 警告: 信息数据库已关闭，将无法使用 [回复/撤回] 等功能。 
[2021-03-01 02:16:29] [INFO]: 正在加载事件过滤器. 
[2021-03-01 02:16:29] [INFO]: 事件过滤器启动成功. 
[2021-03-01 02:16:29] [INFO]: 资源初始化完成, 开始处理信息. 
[2021-03-01 02:16:29] [INFO]: アトリは、高性能ですから! 
[2021-03-01 02:16:29] [INFO]: 正在检查更新. 
[2021-03-01 02:16:29] [INFO]: 开始尝试连接到反向WebSocket Universal服务器: ws://127.0.0.1:8080/cqhttp/ws 
[2021-03-01 02:16:29] [INFO]: 收到服务器地址更新通知, 根据配置文件已忽略. 
[2021-03-01 02:16:32] [INFO]: 检查更新完成. 当前已运行最新版本. 
[2021-03-01 02:16:32] [INFO]: 收到好友 小周今天学习了吗？🐬(251364816) 的消息: 你好 (21785) 
[2021-03-01 02:16:32] [INFO]: 收到好友 小周今天学习了吗？🐬(251364816) 的消息: 吗 (21787) 
[2021-03-01 02:16:32] [INFO]: 收到好友 小周今天学习了吗？🐬(251364816) 的消息: 结束记录 (21788) 
[2021-03-01 02:16:32] [INFO]: 收到好友 小周今天学习了吗？🐬(251364816) 的消息: 吗 (21789) 
[2021-03-01 02:16:32] [INFO]: 发送好友 251364816(251364816)  的消息: [{"type":  ... (-579631015) 
[2021-03-01 02:16:32] [INFO]: 发送好友 251364816(251364816)  的消息: [{"type":  ... (-1435191089) 
[2021-03-01 02:16:32] [INFO]: 发送好友 251364816(251364816)  的消息: [{"type":  ... (873475436) 
[2021-03-01 02:16:32] [INFO]: 发送好友 251364816(251364816)  的消息: [{"type":  ... (1125588474) 
[2021-03-01 02:16:39] [INFO]: 收到好友 小周今天学习了吗？🐬(251364816) 的消息: 结束记录 (21791) 
[2021-03-01 02:16:39] [INFO]: 发送好友 251364816(251364816)  的消息: [{"type":  ... (-635548608) 
[2021-03-01 02:16:43] [INFO]: 收到好友 小周今天学习了吗？🐬(251364816) 的消息: 自定义信息 (21792) 
[2021-03-01 02:16:43] [INFO]: 发送好友 251364816(251364816)  的消息: [{"type":  ... (-1390838570) 
[2021-03-01 02:16:47] [INFO]: 收到好友 小周今天学习了吗？🐬(251364816) 的消息: 结束记录 (21793) 
[2021-03-01 02:16:47] [INFO]: 发送好友 251364816(251364816)  的消息: [{"type":  ... (407943862) 
[2021-03-01 02:17:08] [INFO]: 收到好友 小周今天学习了吗？🐬(251364816) 的消息: 咯 (21794) 
[2021-03-01 02:17:08] [INFO]: 发送好友 251364816(251364816)  的消息: [{"type":  ... (1868007968) 
[2021-03-01 02:17:15] [WARNING]: 监听反向WS API时出现错误: read tcp 127.0.0.1:57517->127.0.0.1:8080: wsarecv: An existing connection was forcibly closed by the remote host. 
[2021-03-01 03:03:41] [INFO]: 当前版本:v0.9.40-fix2 
[2021-03-01 03:03:41] [INFO]: 用户交流群: 721829413 
[2021-03-01 03:03:41] [INFO]: 将使用 device.json 内的设备信息运行Bot. 
[2021-03-01 03:03:41] [INFO]: 开始尝试登录并同步消息... 
[2021-03-01 03:03:41] [INFO]: 使用协议: iPad 
[2021-03-01 03:03:42] [INFO]: Protocol -> connect to server: 180.102.110.114:8080 
[2021-03-01 03:03:43] [INFO]: 登录成功 欢迎使用: 🐬 
[2021-03-01 03:03:43] [INFO]: 开始加载好友列表... 
[2021-03-01 03:03:43] [INFO]: 共加载 154 个好友. 
[2021-03-01 03:03:43] [INFO]: 开始加载群列表... 
[2021-03-01 03:03:45] [INFO]: 收到服务器地址更新通知, 根据配置文件已忽略. 
[2021-03-01 03:03:46] [INFO]: 共加载 27 个群. 
[2021-03-01 03:03:46] [WARNING]: 警告: 信息数据库已关闭，将无法使用 [回复/撤回] 等功能。 
[2021-03-01 03:03:46] [INFO]: 正在加载事件过滤器. 
[2021-03-01 03:03:47] [INFO]: 事件过滤器启动成功. 
[2021-03-01 03:03:47] [INFO]: 资源初始化完成, 开始处理信息. 
[2021-03-01 03:03:47] [INFO]: アトリは、高性能ですから! 
[2021-03-01 03:03:47] [INFO]: 正在检查更新. 
[2021-03-01 03:03:47] [INFO]: 开始尝试连接到反向WebSocket Universal服务器: ws://127.0.0.1:8080/cqhttp/ws 
[2021-03-01 03:03:47] [INFO]: 收到好友 小周今天学习了吗？🐬(251364816) 的消息: 图 (21907) 
[2021-03-01 03:03:47] [INFO]: 发送好友 251364816(251364816)  的消息: [{"type":  ... (-579631015) 
[2021-03-01 03:03:48] [INFO]: 检查更新完成. 当前已运行最新版本. 
[2021-03-01 03:03:48] [INFO]: 收到群  人工智障交流群(721829413) 内 李良山(88172719) 的消息: 所以让他试下http看下有没有错误回复出来 (49513) 
[2021-03-01 03:04:15] [INFO]: 收到好友 小周今天学习了吗？🐬(251364816) 的消息: 自助表白 (21913) 
[2021-03-01 03:04:45] [WARNING]: 监听反向WS API时出现错误: read tcp 127.0.0.1:58734->127.0.0.1:8080: wsarecv: An existing connection was forcibly closed by the remote host. 
[2021-03-01 03:04:46] [INFO]: 收到群  人工智障交流群(721829413) 内 李良山(88172719) 的消息: http提交后会当时返回一个数据提示有没有发送成功的 (49514) 
[2021-03-01 03:04:49] [INFO]: 收到好友 小周今天学习了吗？🐬(251364816) 的消息: 吗 (21915) 
[2021-03-01 03:04:49] [WARNING]: 向WS服务器 127.0.0.1:8080 推送Event时出现错误: write tcp 127.0.0.1:58734->127.0.0.1:8080: use of closed network connection 
[2021-03-01 03:04:50] [INFO]: 开始尝试连接到反向WebSocket Universal服务器: ws://127.0.0.1:8080/cqhttp/ws 
[2021-03-01 03:04:51] [INFO]: 收到好友 小周今天学习了吗？🐬(251364816) 的消息: 吗 (21917) 
[2021-03-01 03:04:51] [INFO]: 发送好友 251364816(251364816)  的消息: [{"type":  ... (-1435191089) 
[2021-03-01 03:04:58] [INFO]: 收到好友 小周今天学习了吗？🐬(251364816) 的消息: 自定义信息 (21918) 
[2021-03-01 03:04:58] [INFO]: 发送好友 251364816(251364816)  的消息: [{"type":  ... (873475436) 
[2021-03-01 03:05:08] [INFO]: 收到好友 小周今天学习了吗？🐬(251364816) 的消息: 自助表白 (21919) 
[2021-03-01 03:05:12] [INFO]: 收到好友 小周今天学习了吗？🐬(251364816) 的消息: 结束记录 (21920) 
[2021-03-01 03:05:12] [INFO]: 发送好友 251364816(251364816)  的消息: [{"type":  ... (-1390838570) 
[2021-03-01 03:05:18] [INFO]: 收到好友 小周今天学习了吗？🐬(251364816) 的消息: 自助表白 (21921) 
[2021-03-01 03:05:18] [INFO]: 发送好友 251364816(251364816)  的消息: [{"type":  ... (1034314055) 
[2021-03-01 03:05:24] [INFO]: 收到好友 小周今天学习了吗？🐬(251364816) 的消息: 结束表白 (21923) 
[2021-03-01 03:05:24] [INFO]: 发送好友 251364816(251364816)  的消息: [{"type":  ... (1252086225) 
[2021-03-01 03:05:44] [INFO]: 收到群  人工智障交流群(721829413) 内 README(2715437140) 的消息: 写成
try:
    await matcher.send(msg)
except ActionFailed as e:
    logger.error(e)
    return (49515) 
[2021-03-01 03:05:47] [INFO]: 收到群  人工智障交流群(721829413) 内 README(2715437140) 的消息: 试试 (49516) 
[2021-03-01 03:06:55] [WARNING]: 监听反向WS API时出现错误: read tcp 127.0.0.1:58753->127.0.0.1:8080: wsarecv: An existing connection was forcibly closed by the remote host. 
[2021-03-01 03:07:08] [INFO]: 收到好友 小周今天学习了吗？🐬(251364816) 的消息: 伊鼎 (21928) 
[2021-03-01 03:07:08] [WARNING]: 向WS服务器 127.0.0.1:8080 推送Event时出现错误: write tcp 127.0.0.1:58753->127.0.0.1:8080: use of closed network connection 
[2021-03-01 03:07:09] [INFO]: 开始尝试连接到反向WebSocket Universal服务器: ws://127.0.0.1:8080/cqhttp/ws 
[2021-03-01 03:07:10] [INFO]: 收到好友 小周今天学习了吗？🐬(251364816) 的消息: 行 (21929) 
[2021-03-01 03:07:10] [INFO]: 发送好友 251364816(251364816)  的消息: [{"type":  ... (407943862) 
[2021-03-01 03:07:13] [INFO]: 收到好友 小周今天学习了吗？🐬(251364816) 的消息: 自定义信息 (21930) 
[2021-03-01 03:07:13] [INFO]: 发送好友 251364816(251364816)  的消息: [{"type":  ... (1868007968) 
[2021-03-01 03:07:37] [INFO]: 收到群  人工智障交流群(721829413) 内 🐬(1021969591) 的消息: 我在本地windows上没问题 (49517) 
