[2021-03-03 00:04:50] [INFO]: 收到好友 🐬(1021969591) 的消息: 自助表白 (8374) 
[2021-03-03 00:04:50] [INFO]: 发送好友 1021969591(1021969591)  的消息: [{"type":  ... (146016659) 
[2021-03-03 00:04:58] [INFO]: 收到好友 🐬(1021969591) 的消息: [CQ:image,file=4a8688d619c173f83cf1aab9e149c1ac.image] (8375) 
[2021-03-03 00:04:59] [INFO]: 收到好友 苏风(715041) 的消息: 在吗 (6779) 
[2021-03-03 00:04:59] [INFO]: 发送好友 715041(715041)  的消息: [{"type":  ... (1042884592) 
[2021-03-03 00:05:03] [INFO]: 收到好友 苏风(715041) 的消息: 在吗 (6780) 
[2021-03-03 00:05:03] [INFO]: 发送好友 715041(715041)  的消息: [{"type":  ... (1227757414) 
[2021-03-03 00:05:03] [INFO]: 收到好友 🐬(1021969591) 的消息: 结束表白 (8376) 
[2021-03-03 00:05:04] [INFO]: 发送好友 1021969591(1021969591)  的消息: [{"type":  ... (-802732324) 
[2021-03-03 00:05:08] [INFO]: 收到好友 🐬(1021969591) 的消息: 确认 (8377) 
[2021-03-03 00:05:08] [INFO]: 发送好友 1021969591(1021969591)  的消息: [{"type":  ... (-1491044790) 
[2021-03-03 00:05:10] [INFO]: 收到好友 苏风(715041) 的消息: 在吗 (6782) 
[2021-03-03 00:05:10] [INFO]: 发送好友 715041(715041)  的消息: [{"type":  ... (960816105) 
[2021-03-03 00:05:14] [INFO]: 收到好友 🐬(1021969591) 的消息: 确认 (8379) 
[2021-03-03 00:05:14] [INFO]: 发送好友 1021969591(1021969591)  的消息: [{"type":  ... (1313067903) 
[2021-03-03 00:05:17] [INFO]: 收到好友 🐬(1021969591) 的消息: 确认 (8380) 
[2021-03-03 00:05:17] [INFO]: 发送好友 1021969591(1021969591)  的消息: [{"type":  ... (-682982715) 
[2021-03-03 00:05:27] [INFO]: 收到好友 🐬(1021969591) 的消息: 确认表白 (8381) 
[2021-03-03 00:05:27] [INFO]: 发送好友 1021969591(1021969591)  的消息: [{"type":  ... (-1605520813) 
[2021-03-03 00:07:26] [INFO]: 收到好友 苏风(715041) 的消息: 自助表白 (6811) 
[2021-03-03 00:07:26] [INFO]: 发送好友 715041(715041)  的消息: [{"type":  ... (821211074) 
[2021-03-03 00:07:34] [INFO]: 收到好友 苏风(715041) 的消息: [CQ:image,file=e1c157b0946f6a30d2e14e154e2ebd58.image] (6813) 
[2021-03-03 00:07:37] [INFO]: 收到好友 苏风(715041) 的消息: 结束表白 (6814) 
[2021-03-03 00:07:37] [INFO]: 发送好友 715041(715041)  的消息: [{"type":  ... (1207279444) 
[2021-03-03 00:07:40] [INFO]: 收到好友 苏风(715041) 的消息: 确认 (6815) 
[2021-03-03 00:07:40] [INFO]: 发送好友 715041(715041)  的消息: [{"type":  ... (657594033) 
[2021-03-03 00:07:44] [INFO]: 收到好友 苏风(715041) 的消息: 确认 (6817) 
[2021-03-03 00:07:44] [INFO]: 发送好友 715041(715041)  的消息: [{"type":  ... (1345660455) 
[2021-03-03 00:07:53] [INFO]: 收到好友 苏风(715041) 的消息: 确认发送 (6818) 
[2021-03-03 00:07:55] [INFO]: 发送好友 715041(715041)  的消息: [{"type":  ... (-918784099) 
[2021-03-03 00:18:21] [INFO]: 收到好友 🐬(1021969591) 的消息: 测试 (8459) 
[2021-03-03 00:18:21] [INFO]: 发送好友 1021969591(1021969591)  的消息: [{"type":  ... (-1103411445) 
[2021-03-03 00:18:26] [INFO]: 收到好友 🐬(1021969591) 的消息: 自定义信息 (8462) 
[2021-03-03 00:18:26] [INFO]: 发送好友 1021969591(1021969591)  的消息: [{"type":  ... (543150760) 
[2021-03-03 00:19:26] [INFO]: 收到好友 🐬(1021969591) 的消息: [CQ:image,file=4a8688d619c173f83cf1aab9e149c1ac.image] (8464) 
[2021-03-03 00:19:34] [INFO]: 收到好友 🐬(1021969591) 的消息: 测试帖 (8469) 
[2021-03-03 00:19:39] [INFO]: 收到好友 🐬(1021969591) 的消息: 结束记录 (8471) 
[2021-03-03 00:19:39] [INFO]: 发送好友 1021969591(1021969591)  的消息: [{"type":  ... (1465442878) 
[2021-03-03 00:19:49] [INFO]: 收到好友 🐬(1021969591) 的消息: 确认发送自定义信息 (8472) 
[2021-03-03 00:19:52] [INFO]: 发送好友 1021969591(1021969591)  的消息: [{"type":  ... (-833506428) 
[2021-03-03 00:28:42] [WARNING]: 监听反向WS API时出现错误: read tcp 127.0.0.1:63806->127.0.0.1:8080: wsarecv: An existing connection was forcibly closed by the remote host. 
[2021-03-03 00:30:52] [INFO]: 收到好友 🐬(1021969591) 的消息: 你好 (8493) 
[2021-03-03 00:30:52] [WARNING]: 向WS服务器 127.0.0.1:8080 推送Event时出现错误: write tcp 127.0.0.1:63806->127.0.0.1:8080: use of closed network connection 
[2021-03-03 00:30:53] [INFO]: 开始尝试连接到反向WebSocket Universal服务器: ws://127.0.0.1:8080/cqhttp/ws 
[2021-03-03 00:30:57] [INFO]: 收到好友 🐬(1021969591) 的消息: 吗 (8494) 
[2021-03-03 00:30:57] [INFO]: 发送好友 1021969591(1021969591)  的消息: [{"type":  ... (-1185512686) 
[2021-03-03 00:31:01] [INFO]: 收到好友 🐬(1021969591) 的消息: 自定义信息 (8496) 
[2021-03-03 00:31:01] [INFO]: 发送好友 1021969591(1021969591)  的消息: [{"type":  ... (703176323) 
[2021-03-03 00:31:15] [INFO]: 收到好友 🐬(1021969591) 的消息: [CQ:image,file=0820f64a5ee8c5f422e9dc87bbc7997d.image] (8498) 
[2021-03-03 00:31:20] [INFO]: 收到好友 🐬(1021969591) 的消息: 测试条 (8499) 
[2021-03-03 00:31:23] [INFO]: 收到好友 🐬(1021969591) 的消息: 结束记录 (8501) 
[2021-03-03 00:31:23] [INFO]: 发送好友 1021969591(1021969591)  的消息: [{"type":  ... (1592700437) 
[2021-03-03 00:31:31] [INFO]: 收到好友 🐬(1021969591) 的消息: 确认发送自定义信息 (8503) 
[2021-03-03 00:31:34] [INFO]: 发送好友 1021969591(1021969591)  的消息: [{"type":  ... (203375986) 
